<?xml version="1.0" encoding="UTF-8"?>
<!-- Generated by org.testng.reporters.JUnitXMLReporter -->
<testsuite ignored="0" hostname="DESKTOP-TUAS121" failures="0" tests="5" name="Test" time="4.304" errors="0" timestamp="2023-06-10T18:25:48 IST">
  <testcase classname="SampleTest" name="sample" time="0.053"/>
  <testcase classname="SampleTest" name="sample" time="0.014"/>
  <testcase classname="SampleTest" name="sample" time="0.033"/>
  <testcase classname="SampleTest" name="sample" time="0.018"/>
  <testcase classname="SampleTest" name="sample" time="0.014"/>
</testsuite> <!-- Test -->
