<?xml version="1.0" encoding="UTF-8"?>
<testng-results ignored="0" total="1" passed="1" failed="0" skipped="0">
  <reporter-output>
  </reporter-output>
  <suite started-at="2023-06-19T16:22:38 IST" name="Default suite" finished-at="2023-06-19T16:23:45 IST" duration-ms="67248">
    <groups>
    </groups>
    <test started-at="2023-06-19T16:22:38 IST" name="Default test" finished-at="2023-06-19T16:23:45 IST" duration-ms="67248">
      <class name="executableFiles.LaunchApplicationTest">
        <test-method is-config="true" signature="openApplication()[pri:0, instance:executableFiles.LaunchApplicationTest@2cb4893b]" started-at="2023-06-19T16:22:38 IST" name="openApplication" finished-at="2023-06-19T16:23:43 IST" duration-ms="65012" status="PASS">
          <reporter-output>
          </reporter-output>
        </test-method> <!-- openApplication -->
        <test-method signature="sample()[pri:0, instance:executableFiles.LaunchApplicationTest@2cb4893b]" started-at="2023-06-19T16:23:43 IST" name="sample" finished-at="2023-06-19T16:23:43 IST" duration-ms="73" status="PASS">
          <reporter-output>
          </reporter-output>
        </test-method> <!-- sample -->
        <test-method is-config="true" signature="closeApplication()[pri:0, instance:executableFiles.LaunchApplicationTest@2cb4893b]" started-at="2023-06-19T16:23:43 IST" name="closeApplication" finished-at="2023-06-19T16:23:45 IST" duration-ms="1773" status="PASS">
          <reporter-output>
          </reporter-output>
        </test-method> <!-- closeApplication -->
      </class> <!-- executableFiles.LaunchApplicationTest -->
    </test> <!-- Default test -->
  </suite> <!-- Default suite -->
</testng-results>
