<?xml version="1.0" encoding="UTF-8"?>
<testng-results ignored="0" total="1" passed="1" failed="0" skipped="0">
  <reporter-output>
  </reporter-output>
  <suite started-at="2023-06-19T12:32:01 IST" name="Default suite" finished-at="2023-06-19T12:32:22 IST" duration-ms="20617">
    <groups>
    </groups>
    <test started-at="2023-06-19T12:32:01 IST" name="Default test" finished-at="2023-06-19T12:32:22 IST" duration-ms="20617">
      <class name="executableFiles.LaunchApplicationTest">
        <test-method is-config="true" signature="openApplication()[pri:0, instance:executableFiles.LaunchApplicationTest@cb0755b]" started-at="2023-06-19T12:32:02 IST" name="openApplication" finished-at="2023-06-19T12:32:20 IST" duration-ms="18841" status="PASS">
          <reporter-output>
          </reporter-output>
        </test-method> <!-- openApplication -->
        <test-method signature="sample()[pri:0, instance:executableFiles.LaunchApplicationTest@cb0755b]" started-at="2023-06-19T12:32:20 IST" name="sample" finished-at="2023-06-19T12:32:21 IST" duration-ms="148" status="PASS">
          <reporter-output>
          </reporter-output>
        </test-method> <!-- sample -->
        <test-method is-config="true" signature="closeApplication()[pri:0, instance:executableFiles.LaunchApplicationTest@cb0755b]" started-at="2023-06-19T12:32:21 IST" name="closeApplication" finished-at="2023-06-19T12:32:22 IST" duration-ms="1082" status="PASS">
          <reporter-output>
          </reporter-output>
        </test-method> <!-- closeApplication -->
      </class> <!-- executableFiles.LaunchApplicationTest -->
    </test> <!-- Default test -->
  </suite> <!-- Default suite -->
</testng-results>
